The system is: Darwin - 17.7.0 - x86_64
Compiling the C compiler identification source file "CMakeCCompilerId.c" succeeded.
Compiler: /Library/Developer/CommandLineTools/usr/bin/cc 
Build flags: 
Id flags:  

The output was:
0


Compilation of the C compiler identification source "CMakeCCompilerId.c" produced "a.out"

The C compiler identification is AppleClang, found in "/Users/houor/practices/CLionProjects/data-structure/others/cmake-build-debug/CMakeFiles/3.10.3/CompilerIdC/a.out"

Determining if the C compiler works passed with the following output:
Change Dir: /Users/houor/practices/CLionProjects/data-structure/others/cmake-build-debug/CMakeFiles/CMakeTmp

Run Build Command:"/usr/bin/make" "cmTC_050b4/fast"
/Library/Developer/CommandLineTools/usr/bin/make -f CMakeFiles/cmTC_050b4.dir/build.make CMakeFiles/cmTC_050b4.dir/build
Building C object CMakeFiles/cmTC_050b4.dir/testCCompiler.c.o
/Library/Developer/CommandLineTools/usr/bin/cc    -o CMakeFiles/cmTC_050b4.dir/testCCompiler.c.o   -c /Users/houor/practices/CLionProjects/data-structure/others/cmake-build-debug/CMakeFiles/CMakeTmp/testCCompiler.c
Linking C executable cmTC_050b4
"/Users/houor/Library/Application Support/JetBrains/Toolbox/apps/CLion/ch-0/181.5281.33/CLion.app/Contents/bin/cmake/bin/cmake" -E cmake_link_script CMakeFiles/cmTC_050b4.dir/link.txt --verbose=1
/Library/Developer/CommandLineTools/usr/bin/cc   -Wl,-search_paths_first -Wl,-headerpad_max_install_names   CMakeFiles/cmTC_050b4.dir/testCCompiler.c.o  -o cmTC_050b4 


Detecting C compiler ABI info compiled with the following output:
Change Dir: /Users/houor/practices/CLionProjects/data-structure/others/cmake-build-debug/CMakeFiles/CMakeTmp

Run Build Command:"/usr/bin/make" "cmTC_d62ed/fast"
/Library/Developer/CommandLineTools/usr/bin/make -f CMakeFiles/cmTC_d62ed.dir/build.make CMakeFiles/cmTC_d62ed.dir/build
Building C object CMakeFiles/cmTC_d62ed.dir/CMakeCCompilerABI.c.o
/Library/Developer/CommandLineTools/usr/bin/cc    -o CMakeFiles/cmTC_d62ed.dir/CMakeCCompilerABI.c.o   -c "/Users/houor/Library/Application Support/JetBrains/Toolbox/apps/CLion/ch-0/181.5281.33/CLion.app/Contents/bin/cmake/share/cmake-3.10/Modules/CMakeCCompilerABI.c"
Linking C executable cmTC_d62ed
"/Users/houor/Library/Application Support/JetBrains/Toolbox/apps/CLion/ch-0/181.5281.33/CLion.app/Contents/bin/cmake/bin/cmake" -E cmake_link_script CMakeFiles/cmTC_d62ed.dir/link.txt --verbose=1
/Library/Developer/CommandLineTools/usr/bin/cc   -Wl,-search_paths_first -Wl,-headerpad_max_install_names  -v -Wl,-v CMakeFiles/cmTC_d62ed.dir/CMakeCCompilerABI.c.o  -o cmTC_d62ed 
Apple LLVM version 9.1.0 (clang-902.0.39.2)
Target: x86_64-apple-darwin17.7.0
Thread model: posix
InstalledDir: /Library/Developer/CommandLineTools/usr/bin
 "/Library/Developer/CommandLineTools/usr/bin/ld" -demangle -lto_library /Library/Developer/CommandLineTools/usr/lib/libLTO.dylib -dynamic -arch x86_64 -macosx_version_min 10.13.0 -o cmTC_d62ed -search_paths_first -headerpad_max_install_names -v CMakeFiles/cmTC_d62ed.dir/CMakeCCompilerABI.c.o -lSystem /Library/Developer/CommandLineTools/usr/lib/clang/9.1.0/lib/darwin/libclang_rt.osx.a
@(#)PROGRAM:ld  PROJECT:ld64-351.8
configured to support archs: armv6 armv7 armv7s arm64 i386 x86_64 x86_64h armv6m armv7k armv7m armv7em (tvOS)
Library search paths:
	/usr/lib
	/usr/local/lib
Framework search paths:
	/Library/Frameworks/
	/System/Library/Frameworks/


Parsed C implicit link information from above output:
  link line regex: [^( *|.*[/\])(ld|CMAKE_LINK_STARTFILE-NOTFOUND|([^/\]+-)?ld|collect2)[^/\]*( |$)]
  ignore line: [Change Dir: /Users/houor/practices/CLionProjects/data-structure/others/cmake-build-debug/CMakeFiles/CMakeTmp]
  ignore line: []
  ignore line: [Run Build Command:"/usr/bin/make" "cmTC_d62ed/fast"]
  ignore line: [/Library/Developer/CommandLineTools/usr/bin/make -f CMakeFiles/cmTC_d62ed.dir/build.make CMakeFiles/cmTC_d62ed.dir/build]
  ignore line: [Building C object CMakeFiles/cmTC_d62ed.dir/CMakeCCompilerABI.c.o]
  ignore line: [/Library/Developer/CommandLineTools/usr/bin/cc    -o CMakeFiles/cmTC_d62ed.dir/CMakeCCompilerABI.c.o   -c "/Users/houor/Library/Application Support/JetBrains/Toolbox/apps/CLion/ch-0/181.5281.33/CLion.app/Contents/bin/cmake/share/cmake-3.10/Modules/CMakeCCompilerABI.c"]
  ignore line: [Linking C executable cmTC_d62ed]
  ignore line: ["/Users/houor/Library/Application Support/JetBrains/Toolbox/apps/CLion/ch-0/181.5281.33/CLion.app/Contents/bin/cmake/bin/cmake" -E cmake_link_script CMakeFiles/cmTC_d62ed.dir/link.txt --verbose=1]
  ignore line: [/Library/Developer/CommandLineTools/usr/bin/cc   -Wl,-search_paths_first -Wl,-headerpad_max_install_names  -v -Wl,-v CMakeFiles/cmTC_d62ed.dir/CMakeCCompilerABI.c.o  -o cmTC_d62ed ]
  ignore line: [Apple LLVM version 9.1.0 (clang-902.0.39.2)]
  ignore line: [Target: x86_64-apple-darwin17.7.0]
  ignore line: [Thread model: posix]
  ignore line: [InstalledDir: /Library/Developer/CommandLineTools/usr/bin]
  link line: [ "/Library/Developer/CommandLineTools/usr/bin/ld" -demangle -lto_library /Library/Developer/CommandLineTools/usr/lib/libLTO.dylib -dynamic -arch x86_64 -macosx_version_min 10.13.0 -o cmTC_d62ed -search_paths_first -headerpad_max_install_names -v CMakeFiles/cmTC_d62ed.dir/CMakeCCompilerABI.c.o -lSystem /Library/Developer/CommandLineTools/usr/lib/clang/9.1.0/lib/darwin/libclang_rt.osx.a]
    arg [/Library/Developer/CommandLineTools/usr/bin/ld] ==> ignore
    arg [-demangle] ==> ignore
    arg [-lto_library] ==> ignore, skip following value
    arg [/Library/Developer/CommandLineTools/usr/lib/libLTO.dylib] ==> skip value of -lto_library
    arg [-dynamic] ==> ignore
    arg [-arch] ==> ignore
    arg [x86_64] ==> ignore
    arg [-macosx_version_min] ==> ignore
    arg [10.13.0] ==> ignore
    arg [-o] ==> ignore
    arg [cmTC_d62ed] ==> ignore
    arg [-search_paths_first] ==> ignore
    arg [-headerpad_max_install_names] ==> ignore
    arg [-v] ==> ignore
    arg [CMakeFiles/cmTC_d62ed.dir/CMakeCCompilerABI.c.o] ==> ignore
    arg [-lSystem] ==> lib [System]
    arg [/Library/Developer/CommandLineTools/usr/lib/clang/9.1.0/lib/darwin/libclang_rt.osx.a] ==> lib [/Library/Developer/CommandLineTools/usr/lib/clang/9.1.0/lib/darwin/libclang_rt.osx.a]
  Library search paths: [;/usr/lib;/usr/local/lib]
  Framework search paths: [;/Library/Frameworks/;/System/Library/Frameworks/]
  remove lib [System]
  remove lib [/Library/Developer/CommandLineTools/usr/lib/clang/9.1.0/lib/darwin/libclang_rt.osx.a]
  collapse library dir [/usr/lib] ==> [/usr/lib]
  collapse library dir [/usr/local/lib] ==> [/usr/local/lib]
  collapse framework dir [/Library/Frameworks/] ==> [/Library/Frameworks]
  collapse framework dir [/System/Library/Frameworks/] ==> [/System/Library/Frameworks]
  implicit libs: []
  implicit dirs: [/usr/lib;/usr/local/lib]
  implicit fwks: [/Library/Frameworks;/System/Library/Frameworks]




Detecting C [-std=c11] compiler features compiled with the following output:
Change Dir: /Users/houor/practices/CLionProjects/data-structure/others/cmake-build-debug/CMakeFiles/CMakeTmp

Run Build Command:"/usr/bin/make" "cmTC_d180b/fast"
/Library/Developer/CommandLineTools/usr/bin/make -f CMakeFiles/cmTC_d180b.dir/build.make CMakeFiles/cmTC_d180b.dir/build
Building C object CMakeFiles/cmTC_d180b.dir/feature_tests.c.o
/Library/Developer/CommandLineTools/usr/bin/cc   -std=c11 -o CMakeFiles/cmTC_d180b.dir/feature_tests.c.o   -c /Users/houor/practices/CLionProjects/data-structure/others/cmake-build-debug/CMakeFiles/feature_tests.c
Linking C executable cmTC_d180b
"/Users/houor/Library/Application Support/JetBrains/Toolbox/apps/CLion/ch-0/181.5281.33/CLion.app/Contents/bin/cmake/bin/cmake" -E cmake_link_script CMakeFiles/cmTC_d180b.dir/link.txt --verbose=1
/Library/Developer/CommandLineTools/usr/bin/cc   -Wl,-search_paths_first -Wl,-headerpad_max_install_names   CMakeFiles/cmTC_d180b.dir/feature_tests.c.o  -o cmTC_d180b 


    Feature record: C_FEATURE:1c_function_prototypes
    Feature record: C_FEATURE:1c_restrict
    Feature record: C_FEATURE:1c_static_assert
    Feature record: C_FEATURE:1c_variadic_macros


Detecting C [-std=c99] compiler features compiled with the following output:
Change Dir: /Users/houor/practices/CLionProjects/data-structure/others/cmake-build-debug/CMakeFiles/CMakeTmp

Run Build Command:"/usr/bin/make" "cmTC_83726/fast"
/Library/Developer/CommandLineTools/usr/bin/make -f CMakeFiles/cmTC_83726.dir/build.make CMakeFiles/cmTC_83726.dir/build
Building C object CMakeFiles/cmTC_83726.dir/feature_tests.c.o
/Library/Developer/CommandLineTools/usr/bin/cc   -std=c99 -o CMakeFiles/cmTC_83726.dir/feature_tests.c.o   -c /Users/houor/practices/CLionProjects/data-structure/others/cmake-build-debug/CMakeFiles/feature_tests.c
Linking C executable cmTC_83726
"/Users/houor/Library/Application Support/JetBrains/Toolbox/apps/CLion/ch-0/181.5281.33/CLion.app/Contents/bin/cmake/bin/cmake" -E cmake_link_script CMakeFiles/cmTC_83726.dir/link.txt --verbose=1
/Library/Developer/CommandLineTools/usr/bin/cc   -Wl,-search_paths_first -Wl,-headerpad_max_install_names   CMakeFiles/cmTC_83726.dir/feature_tests.c.o  -o cmTC_83726 


    Feature record: C_FEATURE:1c_function_prototypes
    Feature record: C_FEATURE:1c_restrict
    Feature record: C_FEATURE:0c_static_assert
    Feature record: C_FEATURE:1c_variadic_macros


Detecting C [-std=c90] compiler features compiled with the following output:
Change Dir: /Users/houor/practices/CLionProjects/data-structure/others/cmake-build-debug/CMakeFiles/CMakeTmp

Run Build Command:"/usr/bin/make" "cmTC_e792b/fast"
/Library/Developer/CommandLineTools/usr/bin/make -f CMakeFiles/cmTC_e792b.dir/build.make CMakeFiles/cmTC_e792b.dir/build
Building C object CMakeFiles/cmTC_e792b.dir/feature_tests.c.o
/Library/Developer/CommandLineTools/usr/bin/cc   -std=c90 -o CMakeFiles/cmTC_e792b.dir/feature_tests.c.o   -c /Users/houor/practices/CLionProjects/data-structure/others/cmake-build-debug/CMakeFiles/feature_tests.c
Linking C executable cmTC_e792b
"/Users/houor/Library/Application Support/JetBrains/Toolbox/apps/CLion/ch-0/181.5281.33/CLion.app/Contents/bin/cmake/bin/cmake" -E cmake_link_script CMakeFiles/cmTC_e792b.dir/link.txt --verbose=1
/Library/Developer/CommandLineTools/usr/bin/cc   -Wl,-search_paths_first -Wl,-headerpad_max_install_names   CMakeFiles/cmTC_e792b.dir/feature_tests.c.o  -o cmTC_e792b 


    Feature record: C_FEATURE:1c_function_prototypes
    Feature record: C_FEATURE:0c_restrict
    Feature record: C_FEATURE:0c_static_assert
    Feature record: C_FEATURE:0c_variadic_macros
